<?xml version="1.0" encoding="UTF-8"?>
<!-- Generated by org.testng.reporters.JUnitXMLReporter -->
<testsuite ignored="0" hostname="ZIL948" failures="0" tests="4" name="Default test" time="3.438" errors="0" timestamp="2024-12-04T18:06:39 IST">
  <testcase classname="Practice.HTTPSMethod" name="Get" time="1.931"/>
  <testcase classname="Practice.HTTPSMethod" name="Createuser" time="0.64"/>
  <testcase classname="Practice.HTTPSMethod" name="Updateuser" time="0.426"/>
  <testcase classname="Practice.HTTPSMethod" name="DeleteData" time="0.412"/>
</testsuite> <!-- Default test -->
