<?xml version="1.0" encoding="UTF-8"?>
<!-- Generated by org.testng.reporters.JUnitXMLReporter -->
<testsuite ignored="0" hostname="ZIL948" failures="0" tests="4" name="Default test" time="6.069" errors="0" timestamp="2024-05-29T17:34:24 IST">
  <testcase classname="api.test.UserTest" name="PostMethod" time="2.498"/>
  <testcase classname="api.test.UserTest" name="GetMethod" time="1.151"/>
  <testcase classname="api.test.UserTest" name="PutMethod" time="1.099"/>
  <testcase classname="api.test.UserTest" name="DeleteMethod" time="1.121"/>
</testsuite> <!-- Default test -->
