<?xml version="1.0" encoding="UTF-8"?>
<testng-results ignored="0" total="4" passed="4" failed="0" skipped="0">
  <reporter-output>
  </reporter-output>
  <suite started-at="2024-12-04T18:06:35 IST" name="Default suite" finished-at="2024-12-04T18:06:39 IST" duration-ms="3438">
    <groups>
    </groups>
    <test started-at="2024-12-04T18:06:35 IST" name="Default test" finished-at="2024-12-04T18:06:39 IST" duration-ms="3438">
      <class name="Practice.HTTPSMethod">
        <test-method signature="Get()[pri:1, instance:Practice.HTTPSMethod@71ae31b0]" started-at="2024-12-04T18:06:35 IST" name="Get" finished-at="2024-12-04T18:06:37 IST" duration-ms="1931" status="PASS">
          <reporter-output>
          </reporter-output>
        </test-method> <!-- Get -->
        <test-method signature="Createuser()[pri:2, instance:Practice.HTTPSMethod@71ae31b0]" started-at="2024-12-04T18:06:37 IST" name="Createuser" finished-at="2024-12-04T18:06:38 IST" duration-ms="640" status="PASS">
          <reporter-output>
          </reporter-output>
        </test-method> <!-- Createuser -->
        <test-method signature="Updateuser()[pri:3, instance:Practice.HTTPSMethod@71ae31b0]" started-at="2024-12-04T18:06:38 IST" name="Updateuser" finished-at="2024-12-04T18:06:38 IST" duration-ms="426" status="PASS">
          <reporter-output>
          </reporter-output>
        </test-method> <!-- Updateuser -->
        <test-method signature="DeleteData()[pri:4, instance:Practice.HTTPSMethod@71ae31b0]" started-at="2024-12-04T18:06:38 IST" name="DeleteData" finished-at="2024-12-04T18:06:39 IST" duration-ms="412" status="PASS">
          <reporter-output>
          </reporter-output>
        </test-method> <!-- DeleteData -->
      </class> <!-- Practice.HTTPSMethod -->
    </test> <!-- Default test -->
  </suite> <!-- Default suite -->
</testng-results>
