<?xml version="1.0" encoding="UTF-8"?>
<testng-results ignored="0" total="4" passed="4" failed="0" skipped="0">
  <reporter-output>
  </reporter-output>
  <suite started-at="2024-05-29T17:34:18 IST" name="Default suite" finished-at="2024-05-29T17:34:24 IST" duration-ms="6069">
    <groups>
    </groups>
    <test started-at="2024-05-29T17:34:18 IST" name="Default test" finished-at="2024-05-29T17:34:24 IST" duration-ms="6069">
      <class name="api.test.UserTest">
        <test-method is-config="true" signature="setupData()[pri:0, instance:api.test.UserTest@7d3430a7]" started-at="2024-05-29T17:34:18 IST" name="setupData" finished-at="2024-05-29T17:34:18 IST" duration-ms="161" status="PASS">
          <reporter-output>
          </reporter-output>
        </test-method> <!-- setupData -->
        <test-method signature="PostMethod()[pri:1, instance:api.test.UserTest@7d3430a7]" started-at="2024-05-29T17:34:18 IST" name="PostMethod" finished-at="2024-05-29T17:34:21 IST" duration-ms="2498" status="PASS">
          <reporter-output>
          </reporter-output>
        </test-method> <!-- PostMethod -->
        <test-method signature="GetMethod()[pri:2, instance:api.test.UserTest@7d3430a7]" started-at="2024-05-29T17:34:21 IST" name="GetMethod" finished-at="2024-05-29T17:34:22 IST" duration-ms="1151" status="PASS">
          <reporter-output>
          </reporter-output>
        </test-method> <!-- GetMethod -->
        <test-method signature="PutMethod()[pri:3, instance:api.test.UserTest@7d3430a7]" started-at="2024-05-29T17:34:22 IST" name="PutMethod" finished-at="2024-05-29T17:34:23 IST" duration-ms="1099" status="PASS">
          <reporter-output>
          </reporter-output>
        </test-method> <!-- PutMethod -->
        <test-method signature="DeleteMethod()[pri:4, instance:api.test.UserTest@7d3430a7]" started-at="2024-05-29T17:34:23 IST" name="DeleteMethod" finished-at="2024-05-29T17:34:24 IST" duration-ms="1121" status="PASS">
          <reporter-output>
          </reporter-output>
        </test-method> <!-- DeleteMethod -->
      </class> <!-- api.test.UserTest -->
    </test> <!-- Default test -->
  </suite> <!-- Default suite -->
</testng-results>
